{"numTotalTestSuites":2,"numPassedTestSuites":2,"numFailedTestSuites":0,"numPendingTestSuites":0,"numTotalTests":9,"numPassedTests":9,"numFailedTests":0,"numPendingTests":0,"numTodoTests":0,"snapshot":{"added":0,"failure":false,"filesAdded":0,"filesRemoved":0,"filesRemovedList":[],"filesUnmatched":0,"filesUpdated":0,"matched":0,"total":0,"unchecked":0,"uncheckedKeysByFile":[],"unmatched":0,"updated":0,"didUpdate":false},"startTime":1741556954089,"success":true,"testResults":[{"assertionResults":[{"ancestorTitles":["JSON Placeholder posts"],"fullName":"JSON Placeholder posts should return a positive result that it is an array","status":"passed","title":"should return a positive result that it is an array","duration":1.53795700147748,"failureMessages":[],"meta":{}},{"ancestorTitles":["JSON Placeholder posts"],"fullName":"JSON Placeholder posts Each item in the array should be an object.","status":"passed","title":"Each item in the array should be an object.","duration":0.7676279991865158,"failureMessages":[],"meta":{}},{"ancestorTitles":["JSON Placeholder posts"],"fullName":"JSON Placeholder posts Each item in the Array should be an object, through a for loop.","status":"passed","title":"Each item in the Array should be an object, through a for loop.","duration":7.304219000041485,"failureMessages":[],"meta":{}},{"ancestorTitles":["JSON Placeholder posts"],"fullName":"JSON Placeholder posts any string put through the toTitleCase function should return a Titled Case String.","status":"passed","title":"any string put through the toTitleCase function should return a Titled Case String.","duration":0.3754669986665249,"failureMessages":[],"meta":{}},{"ancestorTitles":["JSON Placeholder posts"],"fullName":"JSON Placeholder posts a post title, put through the toTitleCase function, should return a Titled Case String.","status":"passed","title":"a post title, put through the toTitleCase function, should return a Titled Case String.","duration":0.5601019989699125,"failureMessages":[],"meta":{}},{"ancestorTitles":["JSON Placeholder posts"],"fullName":"JSON Placeholder posts individual item should not be an array","status":"passed","title":"individual item should not be an array","duration":4.625864999368787,"failureMessages":[],"meta":{}},{"ancestorTitles":["JSON Placeholder posts"],"fullName":"JSON Placeholder posts checks that each userID, in each item, should be a number","status":"passed","title":"checks that each userID, in each item, should be a number","duration":3.0834110006690025,"failureMessages":[],"meta":{}},{"ancestorTitles":["JSON Placeholder posts"],"fullName":"JSON Placeholder posts returns the correct username matched from the userID in an array","status":"passed","title":"returns the correct username matched from the userID in an array","duration":0.2541100010275841,"failureMessages":[],"meta":{}},{"ancestorTitles":["JSON Placeholder posts"],"fullName":"JSON Placeholder posts return the correct username matched from the userID in an array","status":"passed","title":"return the correct username matched from the userID in an array","duration":0.3439789991825819,"failureMessages":[],"meta":{}}],"startTime":1741556954491,"endTime":1741556954510.344,"status":"passed","message":"","name":"/home/jdubz789/documents/projects/assignment-five/app.test.js"}]}